xlpersistentdff.ngc /scratch/zaki/workspace/pocket_corr/fft_1024ch_core/sysgen/perl_results.vhd bmg_33_362cc0a7dbb242d8.v bmg_33_e414e83e3003ff05.vhd bmg_33_362cc0a7dbb242d8.mif bmg_33_973a453bd51a1032.vhd bmg_33_7af907baa421acc1.ngc cntr_11_0_fb8caae5ebc5d253.ngc cntr_11_0_8869969bd2303665.v bmg_33_872c9d4cc9c41649.vhd bmg_33_323c47498d5636a9.ngc bmg_33_c613268bf4c74fe6.mif bmg_33_973a453bd51a1032.v bmg_33_de81730d86f2dd7a.mif bmg_33_293c2a5436112186.mif bmg_33_f64e12192046d142.v cntr_11_0_4096c59227d752a2.v cntr_11_0_fb8caae5ebc5d253.v bmg_33_ecb3139f941cb62b.v bmg_33_cde5f3f9996c5a95.mif cntr_11_0_4766397a2cb82e6c.v cntr_11_0_8ce1eef9b3b41e0a.vhd dmg_43_53f87b14ea26f2c9.ngc bmg_33_ba2cbf4ee1b86c81.mif bmg_33_872c9d4cc9c41649.ngc bmg_33_973a453bd51a1032.ngc cntr_11_0_e465b512e9edc7d5.vhd bmg_33_663a71b1b4ae4b64.mif bmg_33_293c2a5436112186.v bmg_33_b972f6608ff04778.mif bmg_33_017aed32e197c46e.vhd bmg_33_74de024f0c1ac463.ngc cntr_11_0_ae406e50e98e0e45.v bmg_33_b5a854daeb8f7460.mif cntr_11_0_2c42bf3f38e8cf3d.vhd bmg_33_f64e12192046d142.vhd bmg_33_cd39c143a25729dd.v bmg_33_017aed32e197c46e.mif dmg_43_2ed32a2fd073c158.vhd cntr_11_0_8b305ccf84a90afe.vhd bmg_33_b5a854daeb8f7460.vhd cntr_11_0_f0184178d34429e1.ngc bmg_33_9b710071af525a53.vhd cntr_11_0_4766397a2cb82e6c.ngc cntr_11_0_8869969bd2303665.ngc bmg_33_9b710071af525a53.v bmg_33_b972f6608ff04778.v cntr_11_0_8ce1eef9b3b41e0a.v bmg_33_b5a854daeb8f7460.ngc cntr_11_0_9a636cbfb020a9d6.vhd cntr_11_0_8b305ccf84a90afe.ngc bmg_33_9b710071af525a53.mif cntr_11_0_717486a23436c11d.vhd bmg_33_975b23006c9a4cfc.v bmg_33_e414e83e3003ff05.v bmg_33_cde5f3f9996c5a95.vhd cntr_11_0_717486a23436c11d.v cntr_11_0_2373afd2271385cb.ngc bmg_33_c9356bca87716aa3.mif cntr_11_0_50b12e24f99f1fa1.vhd bmg_33_f64e12192046d142.ngc bmg_33_cd39c143a25729dd.vhd cntr_11_0_9a636cbfb020a9d6.v bmg_33_ecb3139f941cb62b.ngc bmg_33_fa92018bda6c6fc3.v bmg_33_663a71b1b4ae4b64.ngc bmg_33_017aed32e197c46e.ngc bmg_33_362cc0a7dbb242d8.ngc bmg_33_293c2a5436112186.vhd bmg_33_fa92018bda6c6fc3.mif cntr_11_0_e465b512e9edc7d5.ngc bmg_33_c613268bf4c74fe6.v bmg_33_86cad15aba8b45bc.mif bmg_33_973a453bd51a1032.mif bmg_33_ba2cbf4ee1b86c81.vhd dmg_43_53f87b14ea26f2c9.mif cntr_11_0_78ff46b917fcba28.vhd cntr_11_0_fb8caae5ebc5d253.vhd dmg_43_2ed32a2fd073c158.ngc bmg_33_fa92018bda6c6fc3.ngc cntr_11_0_acf8df2a66449f86.v bmg_33_ecb3139f941cb62b.mif bmg_33_fa92018bda6c6fc3.vhd bmg_33_64caaaf33657fbc8.v bmg_33_86cad15aba8b45bc.v cntr_11_0_8ce1eef9b3b41e0a.ngc cntr_11_0_4096c59227d752a2.ngc cntr_11_0_50b12e24f99f1fa1.v dmg_43_2ed32a2fd073c158.v bmg_33_ba2cbf4ee1b86c81.ngc cntr_11_0_717486a23436c11d.ngc bmg_33_323c47498d5636a9.mif cntr_11_0_acf8df2a66449f86.ngc cntr_11_0_ff97ccbfc301b4b4.v bmg_33_cd39c143a25729dd.mif bmg_33_ecb3139f941cb62b.vhd bmg_33_64caaaf33657fbc8.ngc bmg_33_64caaaf33657fbc8.vhd cntr_11_0_25889389a19635b3.v bmg_33_de81730d86f2dd7a.v bmg_33_975b23006c9a4cfc.vhd cntr_11_0_25889389a19635b3.vhd bmg_33_975b23006c9a4cfc.mif bmg_33_7af907baa421acc1.vhd bmg_33_c9356bca87716aa3.vhd cntr_11_0_9b3867ea8e1e20fc.v bmg_33_86cad15aba8b45bc.vhd cntr_11_0_f0184178d34429e1.v cntr_11_0_e465b512e9edc7d5.v bmg_33_74de024f0c1ac463.v cntr_11_0_acf8df2a66449f86.vhd cntr_11_0_2373afd2271385cb.vhd cntr_11_0_34d24d689ba4471f.vhd bmg_33_de81730d86f2dd7a.vhd bmg_33_6b05b5fcaf93ca60.v bmg_33_cd39c143a25729dd.ngc bmg_33_0bf307740f4c2249.mif cntr_11_0_78ff46b917fcba28.v bmg_33_872c9d4cc9c41649.v cntr_11_0_ae406e50e98e0e45.ngc cntr_11_0_34d24d689ba4471f.ngc cntr_11_0_9a636cbfb020a9d6.ngc bmg_33_74de024f0c1ac463.vhd cntr_11_0_78ff46b917fcba28.ngc bmg_33_6b05b5fcaf93ca60.mif cntr_11_0_4096c59227d752a2.vhd bmg_33_b5a854daeb8f7460.v cntr_11_0_ff97ccbfc301b4b4.vhd bmg_33_cde5f3f9996c5a95.ngc cntr_11_0_8869969bd2303665.vhd cntr_11_0_2c42bf3f38e8cf3d.v cntr_11_0_ff97ccbfc301b4b4.ngc bmg_33_0bf307740f4c2249.vhd cntr_11_0_f0184178d34429e1.vhd bmg_33_c613268bf4c74fe6.vhd bmg_33_017aed32e197c46e.v cntr_11_0_8b305ccf84a90afe.v bmg_33_9b710071af525a53.ngc bmg_33_663a71b1b4ae4b64.vhd bmg_33_c9356bca87716aa3.v bmg_33_323c47498d5636a9.vhd cntr_11_0_ae406e50e98e0e45.vhd cntr_11_0_50b12e24f99f1fa1.ngc dmg_43_53f87b14ea26f2c9.vhd bmg_33_975b23006c9a4cfc.ngc cntr_11_0_2373afd2271385cb.v bmg_33_7af907baa421acc1.mif cntr_11_0_9b3867ea8e1e20fc.ngc cntr_11_0_2c42bf3f38e8cf3d.ngc bmg_33_de81730d86f2dd7a.ngc bmg_33_362cc0a7dbb242d8.vhd cntr_11_0_9b3867ea8e1e20fc.vhd bmg_33_cde5f3f9996c5a95.v bmg_33_6b05b5fcaf93ca60.ngc bmg_33_0bf307740f4c2249.v bmg_33_7af907baa421acc1.v bmg_33_ba2cbf4ee1b86c81.v bmg_33_293c2a5436112186.ngc bmg_33_0bf307740f4c2249.ngc dmg_43_53f87b14ea26f2c9.v bmg_33_74de024f0c1ac463.mif cntr_11_0_25889389a19635b3.ngc bmg_33_86cad15aba8b45bc.ngc cntr_11_0_4766397a2cb82e6c.vhd bmg_33_f64e12192046d142.mif bmg_33_872c9d4cc9c41649.mif dmg_43_2ed32a2fd073c158.mif bmg_33_c9356bca87716aa3.ngc bmg_33_b972f6608ff04778.ngc bmg_33_e414e83e3003ff05.mif bmg_33_663a71b1b4ae4b64.v bmg_33_e414e83e3003ff05.ngc bmg_33_323c47498d5636a9.v bmg_33_b972f6608ff04778.vhd bmg_33_c613268bf4c74fe6.ngc bmg_33_6b05b5fcaf93ca60.vhd cntr_11_0_34d24d689ba4471f.v bmg_33_64caaaf33657fbc8.mif nonleaf_results.vhd synopsis
opened file fft_1024ch_core.vhd
copied bmg_33_e414e83e3003ff05.vhd
copied bmg_33_973a453bd51a1032.vhd
copied bmg_33_872c9d4cc9c41649.vhd
copied cntr_11_0_8ce1eef9b3b41e0a.vhd
copied cntr_11_0_e465b512e9edc7d5.vhd
copied bmg_33_017aed32e197c46e.vhd
copied cntr_11_0_2c42bf3f38e8cf3d.vhd
copied bmg_33_f64e12192046d142.vhd
copied dmg_43_2ed32a2fd073c158.vhd
copied cntr_11_0_8b305ccf84a90afe.vhd
copied bmg_33_b5a854daeb8f7460.vhd
copied bmg_33_9b710071af525a53.vhd
copied cntr_11_0_9a636cbfb020a9d6.vhd
copied cntr_11_0_717486a23436c11d.vhd
copied bmg_33_cde5f3f9996c5a95.vhd
copied cntr_11_0_50b12e24f99f1fa1.vhd
copied bmg_33_cd39c143a25729dd.vhd
copied bmg_33_293c2a5436112186.vhd
copied bmg_33_ba2cbf4ee1b86c81.vhd
copied cntr_11_0_78ff46b917fcba28.vhd
copied cntr_11_0_fb8caae5ebc5d253.vhd
copied bmg_33_fa92018bda6c6fc3.vhd
copied bmg_33_ecb3139f941cb62b.vhd
copied bmg_33_64caaaf33657fbc8.vhd
copied bmg_33_975b23006c9a4cfc.vhd
copied cntr_11_0_25889389a19635b3.vhd
copied bmg_33_7af907baa421acc1.vhd
copied bmg_33_c9356bca87716aa3.vhd
copied bmg_33_86cad15aba8b45bc.vhd
copied cntr_11_0_acf8df2a66449f86.vhd
copied cntr_11_0_2373afd2271385cb.vhd
copied cntr_11_0_34d24d689ba4471f.vhd
copied bmg_33_de81730d86f2dd7a.vhd
copied bmg_33_74de024f0c1ac463.vhd
copied cntr_11_0_4096c59227d752a2.vhd
copied cntr_11_0_ff97ccbfc301b4b4.vhd
copied cntr_11_0_8869969bd2303665.vhd
copied bmg_33_0bf307740f4c2249.vhd
copied cntr_11_0_f0184178d34429e1.vhd
copied bmg_33_c613268bf4c74fe6.vhd
copied bmg_33_663a71b1b4ae4b64.vhd
copied bmg_33_323c47498d5636a9.vhd
copied cntr_11_0_ae406e50e98e0e45.vhd
copied dmg_43_53f87b14ea26f2c9.vhd
copied bmg_33_362cc0a7dbb242d8.vhd
copied cntr_11_0_9b3867ea8e1e20fc.vhd
copied cntr_11_0_4766397a2cb82e6c.vhd
copied bmg_33_b972f6608ff04778.vhd
copied bmg_33_6b05b5fcaf93ca60.vhd
copied /scratch/zaki/workspace/pocket_corr/fft_1024ch_core/sysgen/perl_results.vhd
copied nonleaf_results.vhd
